C:\Users\yangy\Documents\GitHub\LibraryManager\LibraryManager\x64\Debug\cl.command.1.tlog
C:\Users\yangy\Documents\GitHub\LibraryManager\LibraryManager\x64\Debug\CL.read.1.tlog
C:\Users\yangy\Documents\GitHub\LibraryManager\LibraryManager\x64\Debug\CL.write.1.tlog
C:\USERS\YANGY\DOCUMENTS\GITHUB\LIBRARYMANAGER\LIBRARYMANAGER\X64\DEBUG\LIBRARYMANAGER.EXE.EMBED.MANIFEST
C:\USERS\YANGY\DOCUMENTS\GITHUB\LIBRARYMANAGER\LIBRARYMANAGER\X64\DEBUG\LIBRARYMANAGER.EXE.EMBED.MANIFEST.RES
C:\USERS\YANGY\DOCUMENTS\GITHUB\LIBRARYMANAGER\LIBRARYMANAGER\X64\DEBUG\LIBRARYMANAGER.EXE.INTERMEDIATE.MANIFEST
C:\USERS\YANGY\DOCUMENTS\GITHUB\LIBRARYMANAGER\LIBRARYMANAGER\X64\DEBUG\LIBRARYMANAGER.OBJ
C:\USERS\YANGY\DOCUMENTS\GITHUB\LIBRARYMANAGER\LIBRARYMANAGER\X64\DEBUG\LIBRARYMANAGER.PCH
C:\USERS\YANGY\DOCUMENTS\GITHUB\LIBRARYMANAGER\LIBRARYMANAGER\X64\DEBUG\LIBRARYMANAGER.RES
C:\Users\yangy\Documents\GitHub\LibraryManager\LibraryManager\x64\Debug\LibraryManager.vcxprojResolveAssemblyReference.cache
C:\Users\yangy\Documents\GitHub\LibraryManager\LibraryManager\x64\Debug\LibraryManager.write.1.tlog
C:\Users\yangy\Documents\GitHub\LibraryManager\LibraryManager\x64\Debug\LibraryManager_manifest.rc
C:\USERS\YANGY\DOCUMENTS\GITHUB\LIBRARYMANAGER\LIBRARYMANAGER\X64\DEBUG\LIBRARYMANAGERDLG.OBJ
C:\Users\yangy\Documents\GitHub\LibraryManager\LibraryManager\x64\Debug\link.10732.read.1.tlog
C:\Users\yangy\Documents\GitHub\LibraryManager\LibraryManager\x64\Debug\link.10732.write.1.tlog
C:\Users\yangy\Documents\GitHub\LibraryManager\LibraryManager\x64\Debug\link.10732-cvtres.read.1.tlog
C:\Users\yangy\Documents\GitHub\LibraryManager\LibraryManager\x64\Debug\link.10732-cvtres.write.1.tlog
C:\Users\yangy\Documents\GitHub\LibraryManager\LibraryManager\x64\Debug\link.14304.read.1.tlog
C:\Users\yangy\Documents\GitHub\LibraryManager\LibraryManager\x64\Debug\link.14304.write.1.tlog
C:\Users\yangy\Documents\GitHub\LibraryManager\LibraryManager\x64\Debug\link.14304-cvtres.read.1.tlog
C:\Users\yangy\Documents\GitHub\LibraryManager\LibraryManager\x64\Debug\link.14304-cvtres.write.1.tlog
C:\Users\yangy\Documents\GitHub\LibraryManager\LibraryManager\x64\Debug\link.9540.read.1.tlog
C:\Users\yangy\Documents\GitHub\LibraryManager\LibraryManager\x64\Debug\link.9540.write.1.tlog
C:\Users\yangy\Documents\GitHub\LibraryManager\LibraryManager\x64\Debug\link.9540-cvtres.read.1.tlog
C:\Users\yangy\Documents\GitHub\LibraryManager\LibraryManager\x64\Debug\link.9540-cvtres.write.1.tlog
C:\Users\yangy\Documents\GitHub\LibraryManager\LibraryManager\x64\Debug\link.command.1.tlog
C:\Users\yangy\Documents\GitHub\LibraryManager\LibraryManager\x64\Debug\link.read.1.tlog
C:\Users\yangy\Documents\GitHub\LibraryManager\LibraryManager\x64\Debug\link.write.1.tlog
C:\Users\yangy\Documents\GitHub\LibraryManager\LibraryManager\x64\Debug\link-cvtres.read.1.tlog
C:\Users\yangy\Documents\GitHub\LibraryManager\LibraryManager\x64\Debug\link-cvtres.write.1.tlog
C:\Users\yangy\Documents\GitHub\LibraryManager\LibraryManager\x64\Debug\mt.command.1.tlog
C:\Users\yangy\Documents\GitHub\LibraryManager\LibraryManager\x64\Debug\mt.read.1.tlog
C:\Users\yangy\Documents\GitHub\LibraryManager\LibraryManager\x64\Debug\mt.write.1.tlog
C:\Users\yangy\Documents\GitHub\LibraryManager\LibraryManager\x64\Debug\rc.command.1.tlog
C:\Users\yangy\Documents\GitHub\LibraryManager\LibraryManager\x64\Debug\rc.read.1.tlog
C:\Users\yangy\Documents\GitHub\LibraryManager\LibraryManager\x64\Debug\rc.write.1.tlog
C:\USERS\YANGY\DOCUMENTS\GITHUB\LIBRARYMANAGER\LIBRARYMANAGER\X64\DEBUG\SIGNIN.OBJ
C:\USERS\YANGY\DOCUMENTS\GITHUB\LIBRARYMANAGER\LIBRARYMANAGER\X64\DEBUG\STDAFX.OBJ
C:\USERS\YANGY\DOCUMENTS\GITHUB\LIBRARYMANAGER\LIBRARYMANAGER\X64\DEBUG\TRANSFORMPLUS.OBJ
C:\Users\yangy\Documents\GitHub\LibraryManager\LibraryManager\x64\Debug\vc100.idb
C:\USERS\YANGY\DOCUMENTS\GITHUB\LIBRARYMANAGER\LIBRARYMANAGER\X64\DEBUG\VC100.PDB
C:\USERS\YANGY\DOCUMENTS\GITHUB\LIBRARYMANAGER\X64\DEBUG\LIBRARYMANAGER.EXE
C:\USERS\YANGY\DOCUMENTS\GITHUB\LIBRARYMANAGER\X64\DEBUG\LIBRARYMANAGER.ILK
C:\USERS\YANGY\DOCUMENTS\GITHUB\LIBRARYMANAGER\X64\DEBUG\LIBRARYMANAGER.PDB
